[debug] [2024-10-24T14:45:35.544Z] ----------------------------------------------------------------------
[debug] [2024-10-24T14:45:35.546Z] Command:       /opt/homebrew/Cellar/node/22.4.0/bin/node /opt/homebrew/bin/firebase deploy --only functions
[debug] [2024-10-24T14:45:35.546Z] CLI Version:   13.20.2
[debug] [2024-10-24T14:45:35.546Z] Platform:      darwin
[debug] [2024-10-24T14:45:35.546Z] Node Version:  v22.4.0
[debug] [2024-10-24T14:45:35.546Z] Time:          Thu Oct 24 2024 16:45:35 GMT+0200 (Central European Summer Time)
[debug] [2024-10-24T14:45:35.546Z] ----------------------------------------------------------------------
[debug] 
[debug] [2024-10-24T14:45:35.579Z] > command requires scopes: ["email","openid","https://www.googleapis.com/auth/cloudplatformprojects.readonly","https://www.googleapis.com/auth/firebase","https://www.googleapis.com/auth/cloud-platform"]
[debug] [2024-10-24T14:45:35.579Z] > authorizing via signed-in user (hassan.abdulmouti@gmail.com)
[debug] [2024-10-24T14:45:35.579Z] [iam] checking project indvproj for permissions ["cloudfunctions.functions.create","cloudfunctions.functions.delete","cloudfunctions.functions.get","cloudfunctions.functions.list","cloudfunctions.functions.update","cloudfunctions.operations.get","firebase.projects.get"]
[debug] [2024-10-24T14:45:35.580Z] Checked if tokens are valid: true, expires at: 1729782784561
[debug] [2024-10-24T14:45:35.580Z] Checked if tokens are valid: true, expires at: 1729782784561
[debug] [2024-10-24T14:45:35.580Z] >>> [apiv2][query] POST https://cloudresourcemanager.googleapis.com/v1/projects/indvproj:testIamPermissions [none]
[debug] [2024-10-24T14:45:35.580Z] >>> [apiv2][(partial)header] POST https://cloudresourcemanager.googleapis.com/v1/projects/indvproj:testIamPermissions x-goog-quota-user=projects/indvproj
[debug] [2024-10-24T14:45:35.580Z] >>> [apiv2][body] POST https://cloudresourcemanager.googleapis.com/v1/projects/indvproj:testIamPermissions {"permissions":["cloudfunctions.functions.create","cloudfunctions.functions.delete","cloudfunctions.functions.get","cloudfunctions.functions.list","cloudfunctions.functions.update","cloudfunctions.operations.get","firebase.projects.get"]}
[debug] [2024-10-24T14:45:36.507Z] <<< [apiv2][status] POST https://cloudresourcemanager.googleapis.com/v1/projects/indvproj:testIamPermissions 200
[debug] [2024-10-24T14:45:36.507Z] <<< [apiv2][body] POST https://cloudresourcemanager.googleapis.com/v1/projects/indvproj:testIamPermissions {"permissions":["cloudfunctions.functions.create","cloudfunctions.functions.delete","cloudfunctions.functions.get","cloudfunctions.functions.list","cloudfunctions.functions.update","cloudfunctions.operations.get","firebase.projects.get"]}
[debug] [2024-10-24T14:45:36.508Z] Checked if tokens are valid: true, expires at: 1729782784561
[debug] [2024-10-24T14:45:36.508Z] Checked if tokens are valid: true, expires at: 1729782784561
[debug] [2024-10-24T14:45:36.508Z] >>> [apiv2][query] POST https://iam.googleapis.com/v1/projects/indvproj/serviceAccounts/indvproj@appspot.gserviceaccount.com:testIamPermissions [none]
[debug] [2024-10-24T14:45:36.508Z] >>> [apiv2][body] POST https://iam.googleapis.com/v1/projects/indvproj/serviceAccounts/indvproj@appspot.gserviceaccount.com:testIamPermissions {"permissions":["iam.serviceAccounts.actAs"]}
[debug] [2024-10-24T14:45:37.424Z] <<< [apiv2][status] POST https://iam.googleapis.com/v1/projects/indvproj/serviceAccounts/indvproj@appspot.gserviceaccount.com:testIamPermissions 200
[debug] [2024-10-24T14:45:37.424Z] <<< [apiv2][body] POST https://iam.googleapis.com/v1/projects/indvproj/serviceAccounts/indvproj@appspot.gserviceaccount.com:testIamPermissions {"permissions":["iam.serviceAccounts.actAs"]}
[info] 
[info] === Deploying to 'indvproj'...
[info] 
[info] i  deploying functions 
[info] Running command: npm --prefix "$RESOURCE_DIR" run lint
[info] Running command: npm --prefix "$RESOURCE_DIR" run build
[info] ✔  functions: Finished running predeploy script. 
[debug] [2024-10-24T14:45:41.023Z] Checked if tokens are valid: true, expires at: 1729782784561
[debug] [2024-10-24T14:45:41.023Z] Checked if tokens are valid: true, expires at: 1729782784561
[debug] [2024-10-24T14:45:41.023Z] >>> [apiv2][query] GET https://firebase.googleapis.com/v1beta1/projects/indvproj [none]
[debug] [2024-10-24T14:45:41.398Z] <<< [apiv2][status] GET https://firebase.googleapis.com/v1beta1/projects/indvproj 200
[debug] [2024-10-24T14:45:41.398Z] <<< [apiv2][body] GET https://firebase.googleapis.com/v1beta1/projects/indvproj {"projectId":"indvproj","projectNumber":"700382773834","displayName":"indvproj","name":"projects/indvproj","resources":{"hostingSite":"indvproj","storageBucket":"indvproj.appspot.com","locationId":"europe-west"},"state":"ACTIVE","etag":"1_19a4ee3d-26cd-40b3-99be-895245592ebf"}
[info] i  functions: preparing codebase default for deployment 
[info] i  functions: ensuring required API cloudfunctions.googleapis.com is enabled... 
[debug] [2024-10-24T14:45:41.400Z] Checked if tokens are valid: true, expires at: 1729782784561
[debug] [2024-10-24T14:45:41.400Z] Checked if tokens are valid: true, expires at: 1729782784561
[debug] [2024-10-24T14:45:41.400Z] Checked if tokens are valid: true, expires at: 1729782784561
[debug] [2024-10-24T14:45:41.400Z] Checked if tokens are valid: true, expires at: 1729782784561
[info] i  functions: ensuring required API cloudbuild.googleapis.com is enabled... 
[debug] [2024-10-24T14:45:41.400Z] Checked if tokens are valid: true, expires at: 1729782784561
[debug] [2024-10-24T14:45:41.400Z] Checked if tokens are valid: true, expires at: 1729782784561
[info] i  artifactregistry: ensuring required API artifactregistry.googleapis.com is enabled... 
[debug] [2024-10-24T14:45:41.401Z] Checked if tokens are valid: true, expires at: 1729782784561
[debug] [2024-10-24T14:45:41.401Z] Checked if tokens are valid: true, expires at: 1729782784561
[debug] [2024-10-24T14:45:41.401Z] >>> [apiv2][query] GET https://serviceusage.googleapis.com/v1/projects/indvproj/services/cloudfunctions.googleapis.com [none]
[debug] [2024-10-24T14:45:41.401Z] >>> [apiv2][(partial)header] GET https://serviceusage.googleapis.com/v1/projects/indvproj/services/cloudfunctions.googleapis.com x-goog-quota-user=projects/indvproj
[debug] [2024-10-24T14:45:41.403Z] >>> [apiv2][query] GET https://serviceusage.googleapis.com/v1/projects/indvproj/services/runtimeconfig.googleapis.com [none]
[debug] [2024-10-24T14:45:41.403Z] >>> [apiv2][(partial)header] GET https://serviceusage.googleapis.com/v1/projects/indvproj/services/runtimeconfig.googleapis.com x-goog-quota-user=projects/indvproj
[debug] [2024-10-24T14:45:41.404Z] >>> [apiv2][query] GET https://serviceusage.googleapis.com/v1/projects/indvproj/services/cloudbuild.googleapis.com [none]
[debug] [2024-10-24T14:45:41.404Z] >>> [apiv2][(partial)header] GET https://serviceusage.googleapis.com/v1/projects/indvproj/services/cloudbuild.googleapis.com x-goog-quota-user=projects/indvproj
[debug] [2024-10-24T14:45:41.405Z] >>> [apiv2][query] GET https://serviceusage.googleapis.com/v1/projects/indvproj/services/artifactregistry.googleapis.com [none]
[debug] [2024-10-24T14:45:41.405Z] >>> [apiv2][(partial)header] GET https://serviceusage.googleapis.com/v1/projects/indvproj/services/artifactregistry.googleapis.com x-goog-quota-user=projects/indvproj
[debug] [2024-10-24T14:45:42.442Z] <<< [apiv2][status] GET https://serviceusage.googleapis.com/v1/projects/indvproj/services/runtimeconfig.googleapis.com 200
[debug] [2024-10-24T14:45:42.442Z] <<< [apiv2][body] GET https://serviceusage.googleapis.com/v1/projects/indvproj/services/runtimeconfig.googleapis.com [omitted]
[debug] [2024-10-24T14:45:42.444Z] <<< [apiv2][status] GET https://serviceusage.googleapis.com/v1/projects/indvproj/services/cloudfunctions.googleapis.com 200
[debug] [2024-10-24T14:45:42.445Z] <<< [apiv2][body] GET https://serviceusage.googleapis.com/v1/projects/indvproj/services/cloudfunctions.googleapis.com [omitted]
[info] ✔  functions: required API cloudfunctions.googleapis.com is enabled 
[debug] [2024-10-24T14:45:42.449Z] <<< [apiv2][status] GET https://serviceusage.googleapis.com/v1/projects/indvproj/services/artifactregistry.googleapis.com 200
[debug] [2024-10-24T14:45:42.449Z] <<< [apiv2][body] GET https://serviceusage.googleapis.com/v1/projects/indvproj/services/artifactregistry.googleapis.com [omitted]
[info] ✔  artifactregistry: required API artifactregistry.googleapis.com is enabled 
[debug] [2024-10-24T14:45:42.476Z] <<< [apiv2][status] GET https://serviceusage.googleapis.com/v1/projects/indvproj/services/cloudbuild.googleapis.com 200
[debug] [2024-10-24T14:45:42.477Z] <<< [apiv2][body] GET https://serviceusage.googleapis.com/v1/projects/indvproj/services/cloudbuild.googleapis.com [omitted]
[info] ✔  functions: required API cloudbuild.googleapis.com is enabled 
[debug] [2024-10-24T14:45:42.477Z] Checked if tokens are valid: true, expires at: 1729782784561
[debug] [2024-10-24T14:45:42.477Z] Checked if tokens are valid: true, expires at: 1729782784561
[debug] [2024-10-24T14:45:42.477Z] >>> [apiv2][query] GET https://firebase.googleapis.com/v1beta1/projects/indvproj/adminSdkConfig [none]
[debug] [2024-10-24T14:45:43.154Z] <<< [apiv2][status] GET https://firebase.googleapis.com/v1beta1/projects/indvproj/adminSdkConfig 200
[debug] [2024-10-24T14:45:43.155Z] <<< [apiv2][body] GET https://firebase.googleapis.com/v1beta1/projects/indvproj/adminSdkConfig {"projectId":"indvproj","storageBucket":"indvproj.appspot.com","locationId":"europe-west"}
[debug] [2024-10-24T14:45:43.156Z] Checked if tokens are valid: true, expires at: 1729782784561
[debug] [2024-10-24T14:45:43.157Z] Checked if tokens are valid: true, expires at: 1729782784561
[debug] [2024-10-24T14:45:43.157Z] >>> [apiv2][query] GET https://runtimeconfig.googleapis.com/v1beta1/projects/indvproj/configs [none]
[debug] [2024-10-24T14:45:43.639Z] <<< [apiv2][status] GET https://runtimeconfig.googleapis.com/v1beta1/projects/indvproj/configs 200
[debug] [2024-10-24T14:45:43.640Z] <<< [apiv2][body] GET https://runtimeconfig.googleapis.com/v1beta1/projects/indvproj/configs {"configs":[{"name":"projects/indvproj/configs/gmail"},{"name":"projects/indvproj/configs/mailgun"}]}
[debug] [2024-10-24T14:45:43.641Z] Checked if tokens are valid: true, expires at: 1729782784561
[debug] [2024-10-24T14:45:43.641Z] Checked if tokens are valid: true, expires at: 1729782784561
[debug] [2024-10-24T14:45:43.641Z] Checked if tokens are valid: true, expires at: 1729782784561
[debug] [2024-10-24T14:45:43.641Z] Checked if tokens are valid: true, expires at: 1729782784561
[debug] [2024-10-24T14:45:43.641Z] >>> [apiv2][query] GET https://runtimeconfig.googleapis.com/v1beta1/projects/indvproj/configs/gmail/variables [none]
[debug] [2024-10-24T14:45:43.642Z] >>> [apiv2][query] GET https://runtimeconfig.googleapis.com/v1beta1/projects/indvproj/configs/mailgun/variables [none]
[debug] [2024-10-24T14:45:44.103Z] <<< [apiv2][status] GET https://runtimeconfig.googleapis.com/v1beta1/projects/indvproj/configs/mailgun/variables 200
[debug] [2024-10-24T14:45:44.103Z] <<< [apiv2][body] GET https://runtimeconfig.googleapis.com/v1beta1/projects/indvproj/configs/mailgun/variables {"variables":[{"name":"projects/indvproj/configs/mailgun/variables/domain","updateTime":"2024-10-19T20:13:47.039013304Z"},{"name":"projects/indvproj/configs/mailgun/variables/api_key","updateTime":"2024-10-19T20:13:47.858848697Z"}]}
[debug] [2024-10-24T14:45:44.104Z] Checked if tokens are valid: true, expires at: 1729782784561
[debug] [2024-10-24T14:45:44.104Z] Checked if tokens are valid: true, expires at: 1729782784561
[debug] [2024-10-24T14:45:44.104Z] Checked if tokens are valid: true, expires at: 1729782784561
[debug] [2024-10-24T14:45:44.104Z] Checked if tokens are valid: true, expires at: 1729782784561
[debug] [2024-10-24T14:45:44.104Z] >>> [apiv2][query] GET https://runtimeconfig.googleapis.com/v1beta1/projects/indvproj/configs/mailgun/variables/domain [none]
[debug] [2024-10-24T14:45:44.104Z] >>> [apiv2][query] GET https://runtimeconfig.googleapis.com/v1beta1/projects/indvproj/configs/mailgun/variables/api_key [none]
[debug] [2024-10-24T14:45:44.401Z] <<< [apiv2][status] GET https://runtimeconfig.googleapis.com/v1beta1/projects/indvproj/configs/gmail/variables 200
[debug] [2024-10-24T14:45:44.401Z] <<< [apiv2][body] GET https://runtimeconfig.googleapis.com/v1beta1/projects/indvproj/configs/gmail/variables {"variables":[{"name":"projects/indvproj/configs/gmail/variables/email","updateTime":"2024-10-19T20:55:55.406651762Z"},{"name":"projects/indvproj/configs/gmail/variables/password","updateTime":"2024-10-19T20:55:55.405161753Z"}]}
[debug] [2024-10-24T14:45:44.402Z] Checked if tokens are valid: true, expires at: 1729782784561
[debug] [2024-10-24T14:45:44.402Z] Checked if tokens are valid: true, expires at: 1729782784561
[debug] [2024-10-24T14:45:44.402Z] Checked if tokens are valid: true, expires at: 1729782784561
[debug] [2024-10-24T14:45:44.402Z] Checked if tokens are valid: true, expires at: 1729782784561
[debug] [2024-10-24T14:45:44.402Z] >>> [apiv2][query] GET https://runtimeconfig.googleapis.com/v1beta1/projects/indvproj/configs/gmail/variables/email [none]
[debug] [2024-10-24T14:45:44.402Z] >>> [apiv2][query] GET https://runtimeconfig.googleapis.com/v1beta1/projects/indvproj/configs/gmail/variables/password [none]
[debug] [2024-10-24T14:45:45.013Z] <<< [apiv2][status] GET https://runtimeconfig.googleapis.com/v1beta1/projects/indvproj/configs/mailgun/variables/domain 200
[debug] [2024-10-24T14:45:45.013Z] <<< [apiv2][body] GET https://runtimeconfig.googleapis.com/v1beta1/projects/indvproj/configs/mailgun/variables/domain {"name":"projects/indvproj/configs/mailgun/variables/domain","updateTime":"2024-10-19T20:13:47.039013304Z","text":"sandbox19c34c47c7464f518a107d7d5943a3fb.mailgun.org"}
[debug] [2024-10-24T14:45:45.020Z] <<< [apiv2][status] GET https://runtimeconfig.googleapis.com/v1beta1/projects/indvproj/configs/mailgun/variables/api_key 200
[debug] [2024-10-24T14:45:45.021Z] <<< [apiv2][body] GET https://runtimeconfig.googleapis.com/v1beta1/projects/indvproj/configs/mailgun/variables/api_key {"name":"projects/indvproj/configs/mailgun/variables/api_key","updateTime":"2024-10-19T20:13:47.858848697Z","text":"adde1ca5d3af6a8164e406fec033e5ce-d010bdaf-a4fe7e48"}
[debug] [2024-10-24T14:45:45.157Z] <<< [apiv2][status] GET https://runtimeconfig.googleapis.com/v1beta1/projects/indvproj/configs/gmail/variables/email 200
[debug] [2024-10-24T14:45:45.157Z] <<< [apiv2][body] GET https://runtimeconfig.googleapis.com/v1beta1/projects/indvproj/configs/gmail/variables/email {"name":"projects/indvproj/configs/gmail/variables/email","updateTime":"2024-10-19T20:55:55.406651762Z","text":"moveout.project.adm@gmail.com"}
[debug] [2024-10-24T14:45:45.249Z] <<< [apiv2][status] GET https://runtimeconfig.googleapis.com/v1beta1/projects/indvproj/configs/gmail/variables/password 200
[debug] [2024-10-24T14:45:45.249Z] <<< [apiv2][body] GET https://runtimeconfig.googleapis.com/v1beta1/projects/indvproj/configs/gmail/variables/password {"name":"projects/indvproj/configs/gmail/variables/password","updateTime":"2024-10-19T20:55:55.405161753Z","text":"umrb fuwt lscc zmok"}
[debug] [2024-10-24T14:45:45.252Z] Validating nodejs source
[warn] ⚠  functions: package.json indicates an outdated version of firebase-functions. Please upgrade using npm install --save firebase-functions@latest in your functions directory. 
[warn] ⚠  functions: Please note that there will be breaking changes when you upgrade. 
[debug] [2024-10-24T14:45:45.776Z] > [functions] package.json contents: {
  "name": "functions",
  "scripts": {
    "lint": "eslint --ext .js,.ts",
    "build": "tsc",
    "build:watch": "tsc --watch",
    "serve": "npm run build && firebase emulators:start --only functions",
    "shell": "npm run build && firebase functions:shell",
    "start": "npm run shell",
    "deploy": "firebase deploy --only functions",
    "logs": "firebase functions:log"
  },
  "engines": {
    "node": "18"
  },
  "main": "lib/index.js",
  "dependencies": {
    "@types/nodemailer": "^6.4.16",
    "cors": "^2.8.5",
    "firebase-admin": "^12.1.0",
    "firebase-functions": "^5.0.0",
    "form-data": "^4.0.1",
    "mailgun.js": "^10.2.3",
    "nodemailer": "^6.9.15"
  },
  "devDependencies": {
    "@typescript-eslint/eslint-plugin": "^5.12.0",
    "@typescript-eslint/parser": "^5.12.0",
    "eslint": "^8.9.0",
    "eslint-config-google": "^0.14.0",
    "eslint-plugin-import": "^2.25.4",
    "firebase-functions-test": "^3.1.0",
    "typescript": "^4.9.0"
  },
  "private": true
}
[debug] [2024-10-24T14:45:45.776Z] Building nodejs source
[info] i  functions: Loading and analyzing source code for codebase default to determine what to deploy 
[debug] [2024-10-24T14:45:45.777Z] Could not find functions.yaml. Must use http discovery
[debug] [2024-10-24T14:45:45.781Z] Found firebase-functions binary at '/Users/hassanabdulmouti/dbwebb-kurser/indvproj/functions/node_modules/.bin/firebase-functions'
[info] Serving at port 8215

[info] [2024-10-24 14:45:46] DEBUG Creating transport: nodemailer (6.9.15; +https://nodemailer.com/; SMTP/6.9.15[client:6.9.15])

[debug] [2024-10-24T14:45:46.095Z] Got response from /__/functions.yaml {"endpoints":{"updateUserLastActivity":{"platform":"gcfv1","labels":{},"availableMemoryMb":null,"timeoutSeconds":null,"minInstances":null,"maxInstances":null,"ingressSettings":null,"serviceAccountEmail":null,"vpc":null,"callableTrigger":{},"entryPoint":"updateUserLastActivity"},"checkInactiveUsers":{"platform":"gcfv1","availableMemoryMb":null,"timeoutSeconds":null,"minInstances":null,"maxInstances":null,"ingressSettings":null,"serviceAccountEmail":null,"vpc":null,"scheduleTrigger":{"schedule":"every 1 minutes","retryConfig":{"retryCount":null,"maxDoublings":null,"maxRetryDuration":null,"maxBackoffDuration":null,"minBackoffDuration":null},"timeZone":null},"labels":{},"entryPoint":"checkInactiveUsers"},"setAdminStatus":{"platform":"gcfv1","labels":{},"availableMemoryMb":null,"timeoutSeconds":null,"minInstances":null,"maxInstances":null,"ingressSettings":null,"serviceAccountEmail":null,"vpc":null,"callableTrigger":{},"entryPoint":"setAdminStatus"},"getAllUsers":{"platform":"gcfv1","labels":{},"availableMemoryMb":null,"timeoutSeconds":null,"minInstances":null,"maxInstances":null,"ingressSettings":null,"serviceAccountEmail":null,"vpc":null,"callableTrigger":{},"entryPoint":"getAllUsers"},"shareBoxViaEmail":{"platform":"gcfv1","labels":{},"availableMemoryMb":null,"timeoutSeconds":null,"minInstances":null,"maxInstances":null,"ingressSettings":null,"serviceAccountEmail":null,"vpc":null,"callableTrigger":{},"entryPoint":"shareBoxViaEmail"},"getUserStorageUsage":{"platform":"gcfv1","labels":{},"availableMemoryMb":null,"timeoutSeconds":null,"minInstances":null,"maxInstances":null,"ingressSettings":null,"serviceAccountEmail":null,"vpc":null,"callableTrigger":{},"entryPoint":"getUserStorageUsage"},"toggleAccountActivation":{"platform":"gcfv1","labels":{},"availableMemoryMb":null,"timeoutSeconds":null,"minInstances":null,"maxInstances":null,"ingressSettings":null,"serviceAccountEmail":null,"vpc":null,"callableTrigger":{},"entryPoint":"toggleAccountActivation"},"deleteUserAccount":{"platform":"gcfv1","labels":{},"availableMemoryMb":null,"timeoutSeconds":null,"minInstances":null,"maxInstances":null,"ingressSettings":null,"serviceAccountEmail":null,"vpc":null,"callableTrigger":{},"entryPoint":"deleteUserAccount"},"verifyEmailConfig":{"platform":"gcfv1","availableMemoryMb":null,"timeoutSeconds":null,"minInstances":null,"maxInstances":null,"ingressSettings":null,"serviceAccountEmail":null,"vpc":null,"httpsTrigger":{},"entryPoint":"verifyEmailConfig"},"manualCheckInactiveUsers":{"platform":"gcfv1","availableMemoryMb":null,"timeoutSeconds":null,"minInstances":null,"maxInstances":null,"ingressSettings":null,"serviceAccountEmail":null,"vpc":null,"httpsTrigger":{},"entryPoint":"manualCheckInactiveUsers"}},"specVersion":"v1alpha1","requiredAPIs":[{"api":"cloudscheduler.googleapis.com","reason":"Needed for scheduled functions."}],"extensions":{}}
[info] [2024-10-24 14:45:46] DEBUG [SCo0sK6rgOU] Resolved smtp.gmail.com as 142.251.1.109 [cache miss]

[info] [2024-10-24 14:45:46] INFO  [SCo0sK6rgOU] Secure connection established to 142.251.1.109:465

[info] [2024-10-24 14:45:46] DEBUG [SCo0sK6rgOU] S: 220 smtp.gmail.com ESMTP 38308e7fff4ca-2fb9ad60767sm14274041fa.29 - gsmtp

[info] [2024-10-24 14:45:46] DEBUG [SCo0sK6rgOU] C: EHLO Hassans-Laptop.local

[info] [2024-10-24 14:45:46] DEBUG [SCo0sK6rgOU] S: 250-smtp.gmail.com at your service, [188.148.16.135]

[info] [2024-10-24 14:45:46] DEBUG [SCo0sK6rgOU] S: 250-SIZE 35882577
[2024-10-24 14:45:46] DEBUG [SCo0sK6rgOU] S: 250-8BITMIME

[info] [2024-10-24 14:45:46] DEBUG [SCo0sK6rgOU] S: 250-AUTH LOGIN PLAIN XOAUTH2 PLAIN-CLIENTTOKEN OAUTHBEARER XOAUTH
[2024-10-24 14:45:46] DEBUG [SCo0sK6rgOU] S: 250-ENHANCEDSTATUSCODES
[2024-10-24 14:45:46] DEBUG [SCo0sK6rgOU] S: 250-PIPELINING
[2024-10-24 14:45:46] DEBUG [SCo0sK6rgOU] S: 250-CHUNKING
[2024-10-24 14:45:46] DEBUG [SCo0sK6rgOU] S: 250 SMTPUTF8

[info] [2024-10-24 14:45:46] DEBUG [SCo0sK6rgOU] SMTP handshake finished

[info] [2024-10-24 14:45:46] DEBUG [SCo0sK6rgOU] C: AUTH PLAIN AG1vdmVvdXQucHJvamVjdC5hZG1AZ21haWwuY29tAC8qIHNlY3JldCAqLw==

[info] [2024-10-24 14:45:46] DEBUG [SCo0sK6rgOU] S: 235 2.7.0 Accepted

[info] [2024-10-24 14:45:46] INFO  [SCo0sK6rgOU] User "moveout.project.adm@gmail.com" authenticated

[info] [2024-10-24 14:45:46] DEBUG [SCo0sK6rgOU] C: QUIT

[info] Email server is ready

[info] [2024-10-24 14:45:46] DEBUG [SCo0sK6rgOU] S: 221 2.0.0 closing connection 38308e7fff4ca-2fb9ad60767sm14274041fa.29 - gsmtp

[info] [2024-10-24 14:45:46] DEBUG [SCo0sK6rgOU] Closing connection to the server using "end"

[info] [2024-10-24 14:45:46] INFO  [SCo0sK6rgOU] Connection closed

[info] i  extensions: ensuring required API firebaseextensions.googleapis.com is enabled... 
[debug] [2024-10-24T14:45:51.117Z] Checked if tokens are valid: true, expires at: 1729782784561
[debug] [2024-10-24T14:45:51.117Z] Checked if tokens are valid: true, expires at: 1729782784561
[debug] [2024-10-24T14:45:51.118Z] >>> [apiv2][query] GET https://serviceusage.googleapis.com/v1/projects/indvproj/services/firebaseextensions.googleapis.com [none]
[debug] [2024-10-24T14:45:51.118Z] >>> [apiv2][(partial)header] GET https://serviceusage.googleapis.com/v1/projects/indvproj/services/firebaseextensions.googleapis.com x-goog-quota-user=projects/indvproj
[debug] [2024-10-24T14:45:52.170Z] <<< [apiv2][status] GET https://serviceusage.googleapis.com/v1/projects/indvproj/services/firebaseextensions.googleapis.com 200
[debug] [2024-10-24T14:45:52.171Z] <<< [apiv2][body] GET https://serviceusage.googleapis.com/v1/projects/indvproj/services/firebaseextensions.googleapis.com [omitted]
[info] ✔  extensions: required API firebaseextensions.googleapis.com is enabled 
[debug] [2024-10-24T14:45:52.171Z] > command requires scopes: ["email","openid","https://www.googleapis.com/auth/cloudplatformprojects.readonly","https://www.googleapis.com/auth/firebase","https://www.googleapis.com/auth/cloud-platform"]
[debug] [2024-10-24T14:45:52.171Z] > authorizing via signed-in user (hassan.abdulmouti@gmail.com)
[debug] [2024-10-24T14:45:52.171Z] [iam] checking project indvproj for permissions ["firebase.projects.get","firebaseextensions.instances.list"]
[debug] [2024-10-24T14:45:52.172Z] Checked if tokens are valid: true, expires at: 1729782784561
[debug] [2024-10-24T14:45:52.172Z] Checked if tokens are valid: true, expires at: 1729782784561
[debug] [2024-10-24T14:45:52.172Z] >>> [apiv2][query] POST https://cloudresourcemanager.googleapis.com/v1/projects/indvproj:testIamPermissions [none]
[debug] [2024-10-24T14:45:52.172Z] >>> [apiv2][(partial)header] POST https://cloudresourcemanager.googleapis.com/v1/projects/indvproj:testIamPermissions x-goog-quota-user=projects/indvproj
[debug] [2024-10-24T14:45:52.172Z] >>> [apiv2][body] POST https://cloudresourcemanager.googleapis.com/v1/projects/indvproj:testIamPermissions {"permissions":["firebase.projects.get","firebaseextensions.instances.list"]}
[debug] [2024-10-24T14:45:52.984Z] <<< [apiv2][status] POST https://cloudresourcemanager.googleapis.com/v1/projects/indvproj:testIamPermissions 200
[debug] [2024-10-24T14:45:52.985Z] <<< [apiv2][body] POST https://cloudresourcemanager.googleapis.com/v1/projects/indvproj:testIamPermissions {"permissions":["firebase.projects.get","firebaseextensions.instances.list"]}
[debug] [2024-10-24T14:45:52.986Z] Checked if tokens are valid: true, expires at: 1729782784561
[debug] [2024-10-24T14:45:52.986Z] Checked if tokens are valid: true, expires at: 1729782784561
[debug] [2024-10-24T14:45:52.987Z] >>> [apiv2][query] GET https://firebaseextensions.googleapis.com/v1beta/projects/indvproj/instances pageSize=100&pageToken=
[debug] [2024-10-24T14:45:53.996Z] <<< [apiv2][status] GET https://firebaseextensions.googleapis.com/v1beta/projects/indvproj/instances 200
[debug] [2024-10-24T14:45:53.997Z] <<< [apiv2][body] GET https://firebaseextensions.googleapis.com/v1beta/projects/indvproj/instances {}
[info] i  functions: preparing functions directory for uploading... 
[info] i  functions: packaged /Users/hassanabdulmouti/dbwebb-kurser/indvproj/functions (101.35 KB) for uploading 
[debug] [2024-10-24T14:45:54.032Z] Checked if tokens are valid: true, expires at: 1729782784561
[debug] [2024-10-24T14:45:54.032Z] Checked if tokens are valid: true, expires at: 1729782784561
[debug] [2024-10-24T14:45:54.032Z] >>> [apiv2][query] GET https://cloudfunctions.googleapis.com/v1/projects/indvproj/locations/-/functions [none]
[debug] [2024-10-24T14:45:55.037Z] <<< [apiv2][status] GET https://cloudfunctions.googleapis.com/v1/projects/indvproj/locations/-/functions 200
[debug] [2024-10-24T14:45:55.038Z] <<< [apiv2][body] GET https://cloudfunctions.googleapis.com/v1/projects/indvproj/locations/-/functions {"functions":[{"name":"projects/indvproj/locations/us-central1/functions/getUserStorageUsage","httpsTrigger":{"url":"https://us-central1-indvproj.cloudfunctions.net/getUserStorageUsage","securityLevel":"SECURE_ALWAYS"},"status":"ACTIVE","entryPoint":"getUserStorageUsage","timeout":"60s","availableMemoryMb":256,"serviceAccountEmail":"indvproj@appspot.gserviceaccount.com","updateTime":"2024-10-24T14:26:49.458Z","versionId":"3","labels":{"deployment-callable":"true","firebase-functions-hash":"719dde9c5431d2f64863781643e61ec7d8339a43","deployment-tool":"cli-firebase"},"sourceUploadUrl":"https://storage.googleapis.com/uploads-497630077681.us-central1.cloudfunctions.appspot.com/82079fa2-86f5-456e-abee-d451973ce7c4.zip","environmentVariables":{"FIREBASE_CONFIG":"{\"projectId\":\"indvproj\",\"storageBucket\":\"indvproj.appspot.com\",\"locationId\":\"europe-west\"}","GCLOUD_PROJECT":"indvproj","EVENTARC_CLOUD_EVENT_SOURCE":"projects/indvproj/locations/us-central1/functions/getUserStorageUsage"},"runtime":"nodejs18","ingressSettings":"ALLOW_ALL","buildId":"99414edd-cda0-4b93-9758-35409a3e6fbc","buildEnvironmentVariables":{"GOOGLE_NODE_RUN_SCRIPTS":""},"buildName":"projects/700382773834/locations/us-central1/builds/99414edd-cda0-4b93-9758-35409a3e6fbc","dockerRegistry":"ARTIFACT_REGISTRY","automaticUpdatePolicy":{},"buildServiceAccount":"projects/indvproj/serviceAccounts/700382773834-compute@developer.gserviceaccount.com"},{"name":"projects/indvproj/locations/us-central1/functions/checkInactiveUsers","eventTrigger":{"eventType":"google.pubsub.topic.publish","resource":"projects/indvproj/topics/firebase-schedule-checkInactiveUsers-us-central1","service":"pubsub.googleapis.com","failurePolicy":{}},"status":"ACTIVE","entryPoint":"checkInactiveUsers","timeout":"60s","availableMemoryMb":256,"serviceAccountEmail":"indvproj@appspot.gserviceaccount.com","updateTime":"2024-10-24T14:26:44.365Z","versionId":"2","labels":{"deployment-tool":"cli-firebase","deployment-scheduled":"true","firebase-functions-hash":"719dde9c5431d2f64863781643e61ec7d8339a43"},"sourceUploadUrl":"https://storage.googleapis.com/uploads-497630077681.us-central1.cloudfunctions.appspot.com/82079fa2-86f5-456e-abee-d451973ce7c4.zip","environmentVariables":{"FIREBASE_CONFIG":"{\"projectId\":\"indvproj\",\"storageBucket\":\"indvproj.appspot.com\",\"locationId\":\"europe-west\"}","GCLOUD_PROJECT":"indvproj","EVENTARC_CLOUD_EVENT_SOURCE":"projects/indvproj/locations/us-central1/functions/checkInactiveUsers"},"runtime":"nodejs18","maxInstances":3000,"ingressSettings":"ALLOW_ALL","buildId":"99414edd-cda0-4b93-9758-35409a3e6fbc","buildEnvironmentVariables":{"GOOGLE_NODE_RUN_SCRIPTS":""},"buildName":"projects/700382773834/locations/us-central1/builds/99414edd-cda0-4b93-9758-35409a3e6fbc","dockerRegistry":"ARTIFACT_REGISTRY","automaticUpdatePolicy":{},"buildServiceAccount":"projects/indvproj/serviceAccounts/700382773834-compute@developer.gserviceaccount.com"},{"name":"projects/indvproj/locations/us-central1/functions/shareBoxViaEmail","httpsTrigger":{"url":"https://us-central1-indvproj.cloudfunctions.net/shareBoxViaEmail","securityLevel":"SECURE_ALWAYS"},"status":"ACTIVE","entryPoint":"shareBoxViaEmail","timeout":"60s","availableMemoryMb":256,"serviceAccountEmail":"indvproj@appspot.gserviceaccount.com","updateTime":"2024-10-24T14:27:04.822Z","versionId":"4","labels":{"deployment-tool":"cli-firebase","deployment-callable":"true","firebase-functions-hash":"719dde9c5431d2f64863781643e61ec7d8339a43"},"sourceUploadUrl":"https://storage.googleapis.com/uploads-497630077681.us-central1.cloudfunctions.appspot.com/82079fa2-86f5-456e-abee-d451973ce7c4.zip","environmentVariables":{"FIREBASE_CONFIG":"{\"projectId\":\"indvproj\",\"storageBucket\":\"indvproj.appspot.com\",\"locationId\":\"europe-west\"}","GCLOUD_PROJECT":"indvproj","EVENTARC_CLOUD_EVENT_SOURCE":"projects/indvproj/locations/us-central1/functions/shareBoxViaEmail"},"runtime":"nodejs18","ingressSettings":"ALLOW_ALL","buildId":"99414edd-cda0-4b93-9758-35409a3e6fbc","buildEnvironmentVariables":{"GOOGLE_NODE_RUN_SCRIPTS":""},"buildName":"projects/700382773834/locations/us-central1/builds/99414edd-cda0-4b93-9758-35409a3e6fbc","dockerRegistry":"ARTIFACT_REGISTRY","automaticUpdatePolicy":{},"buildServiceAccount":"projects/indvproj/serviceAccounts/700382773834-compute@developer.gserviceaccount.com"},{"name":"projects/indvproj/locations/us-central1/functions/toggleAccountActivation","httpsTrigger":{"url":"https://us-central1-indvproj.cloudfunctions.net/toggleAccountActivation","securityLevel":"SECURE_ALWAYS"},"status":"ACTIVE","entryPoint":"toggleAccountActivation","timeout":"60s","availableMemoryMb":256,"serviceAccountEmail":"indvproj@appspot.gserviceaccount.com","updateTime":"2024-10-24T14:26:48.353Z","versionId":"6","labels":{"deployment-tool":"cli-firebase","deployment-callable":"true","firebase-functions-hash":"719dde9c5431d2f64863781643e61ec7d8339a43"},"sourceUploadUrl":"https://storage.googleapis.com/uploads-497630077681.us-central1.cloudfunctions.appspot.com/82079fa2-86f5-456e-abee-d451973ce7c4.zip","environmentVariables":{"FIREBASE_CONFIG":"{\"projectId\":\"indvproj\",\"storageBucket\":\"indvproj.appspot.com\",\"locationId\":\"europe-west\"}","GCLOUD_PROJECT":"indvproj","EVENTARC_CLOUD_EVENT_SOURCE":"projects/indvproj/locations/us-central1/functions/toggleAccountActivation"},"runtime":"nodejs18","ingressSettings":"ALLOW_ALL","buildId":"99414edd-cda0-4b93-9758-35409a3e6fbc","buildEnvironmentVariables":{"GOOGLE_NODE_RUN_SCRIPTS":""},"buildName":"projects/700382773834/locations/us-central1/builds/99414edd-cda0-4b93-9758-35409a3e6fbc","dockerRegistry":"ARTIFACT_REGISTRY","automaticUpdatePolicy":{},"buildServiceAccount":"projects/indvproj/serviceAccounts/700382773834-compute@developer.gserviceaccount.com"},{"name":"projects/indvproj/locations/us-central1/functions/setAdminStatus","httpsTrigger":{"url":"https://us-central1-indvproj.cloudfunctions.net/setAdminStatus","securityLevel":"SECURE_ALWAYS"},"status":"ACTIVE","entryPoint":"setAdminStatus","timeout":"60s","availableMemoryMb":256,"serviceAccountEmail":"indvproj@appspot.gserviceaccount.com","updateTime":"2024-10-24T14:26:44.694Z","versionId":"8","labels":{"deployment-tool":"cli-firebase","deployment-callable":"true","firebase-functions-hash":"719dde9c5431d2f64863781643e61ec7d8339a43"},"sourceUploadUrl":"https://storage.googleapis.com/uploads-497630077681.us-central1.cloudfunctions.appspot.com/82079fa2-86f5-456e-abee-d451973ce7c4.zip","environmentVariables":{"FIREBASE_CONFIG":"{\"projectId\":\"indvproj\",\"storageBucket\":\"indvproj.appspot.com\",\"locationId\":\"europe-west\"}","GCLOUD_PROJECT":"indvproj","EVENTARC_CLOUD_EVENT_SOURCE":"projects/indvproj/locations/us-central1/functions/setAdminStatus"},"runtime":"nodejs18","ingressSettings":"ALLOW_ALL","buildId":"99414edd-cda0-4b93-9758-35409a3e6fbc","buildEnvironmentVariables":{"GOOGLE_NODE_RUN_SCRIPTS":""},"buildName":"projects/700382773834/locations/us-central1/builds/99414edd-cda0-4b93-9758-35409a3e6fbc","dockerRegistry":"ARTIFACT_REGISTRY","automaticUpdatePolicy":{},"buildServiceAccount":"projects/indvproj/serviceAccounts/700382773834-compute@developer.gserviceaccount.com"},{"name":"projects/indvproj/locations/us-central1/functions/updateUserLastActivity","httpsTrigger":{"url":"https://us-central1-indvproj.cloudfunctions.net/updateUserLastActivity","securityLevel":"SECURE_ALWAYS"},"status":"ACTIVE","entryPoint":"updateUserLastActivity","timeout":"60s","availableMemoryMb":256,"serviceAccountEmail":"indvproj@appspot.gserviceaccount.com","updateTime":"2024-10-24T14:26:48.091Z","versionId":"2","labels":{"deployment-tool":"cli-firebase","deployment-callable":"true","firebase-functions-hash":"719dde9c5431d2f64863781643e61ec7d8339a43"},"sourceUploadUrl":"https://storage.googleapis.com/uploads-497630077681.us-central1.cloudfunctions.appspot.com/82079fa2-86f5-456e-abee-d451973ce7c4.zip","environmentVariables":{"FIREBASE_CONFIG":"{\"projectId\":\"indvproj\",\"storageBucket\":\"indvproj.appspot.com\",\"locationId\":\"europe-west\"}","GCLOUD_PROJECT":"indvproj","EVENTARC_CLOUD_EVENT_SOURCE":"projects/indvproj/locations/us-central1/functions/updateUserLastActivity"},"runtime":"nodejs18","ingressSettings":"ALLOW_ALL","buildId":"99414edd-cda0-4b93-9758-35409a3e6fbc","buildEnvironmentVariables":{"GOOGLE_NODE_RUN_SCRIPTS":""},"buildName":"projects/700382773834/locations/us-central1/builds/99414edd-cda0-4b93-9758-35409a3e6fbc","dockerRegistry":"ARTIFACT_REGISTRY","automaticUpdatePolicy":{},"buildServiceAccount":"projects/indvproj/serviceAccounts/700382773834-compute@developer.gserviceaccount.com"},{"name":"projects/indvproj/locations/us-central1/functions/deleteUserAccount","httpsTrigger":{"url":"https://us-central1-indvproj.cloudfunctions.net/deleteUserAccount","securityLevel":"SECURE_ALWAYS"},"status":"ACTIVE","entryPoint":"deleteUserAccount","timeout":"60s","availableMemoryMb":256,"serviceAccountEmail":"indvproj@appspot.gserviceaccount.com","updateTime":"2024-10-24T14:26:44.556Z","versionId":"7","labels":{"deployment-callable":"true","firebase-functions-hash":"719dde9c5431d2f64863781643e61ec7d8339a43","deployment-tool":"cli-firebase"},"sourceUploadUrl":"https://storage.googleapis.com/uploads-497630077681.us-central1.cloudfunctions.appspot.com/82079fa2-86f5-456e-abee-d451973ce7c4.zip","environmentVariables":{"FIREBASE_CONFIG":"{\"projectId\":\"indvproj\",\"storageBucket\":\"indvproj.appspot.com\",\"locationId\":\"europe-west\"}","GCLOUD_PROJECT":"indvproj","EVENTARC_CLOUD_EVENT_SOURCE":"projects/indvproj/locations/us-central1/functions/deleteUserAccount"},"runtime":"nodejs18","ingressSettings":"ALLOW_ALL","buildId":"99414edd-cda0-4b93-9758-35409a3e6fbc","buildEnvironmentVariables":{"GOOGLE_NODE_RUN_SCRIPTS":""},"buildName":"projects/700382773834/locations/us-central1/builds/99414edd-cda0-4b93-9758-35409a3e6fbc","dockerRegistry":"ARTIFACT_REGISTRY","automaticUpdatePolicy":{},"buildServiceAccount":"projects/indvproj/serviceAccounts/700382773834-compute@developer.gserviceaccount.com"},{"name":"projects/indvproj/locations/us-central1/functions/getAllUsers","httpsTrigger":{"url":"https://us-central1-indvproj.cloudfunctions.net/getAllUsers","securityLevel":"SECURE_ALWAYS"},"status":"ACTIVE","entryPoint":"getAllUsers","timeout":"60s","availableMemoryMb":256,"serviceAccountEmail":"indvproj@appspot.gserviceaccount.com","updateTime":"2024-10-24T14:26:49.274Z","versionId":"8","labels":{"deployment-tool":"cli-firebase","deployment-callable":"true","firebase-functions-hash":"719dde9c5431d2f64863781643e61ec7d8339a43"},"sourceUploadUrl":"https://storage.googleapis.com/uploads-497630077681.us-central1.cloudfunctions.appspot.com/82079fa2-86f5-456e-abee-d451973ce7c4.zip","environmentVariables":{"FIREBASE_CONFIG":"{\"projectId\":\"indvproj\",\"storageBucket\":\"indvproj.appspot.com\",\"locationId\":\"europe-west\"}","GCLOUD_PROJECT":"indvproj","EVENTARC_CLOUD_EVENT_SOURCE":"projects/indvproj/locations/us-central1/functions/getAllUsers"},"runtime":"nodejs18","ingressSettings":"ALLOW_ALL","buildId":"99414edd-cda0-4b93-9758-35409a3e6fbc","buildEnvironmentVariables":{"GOOGLE_NODE_RUN_SCRIPTS":""},"buildName":"projects/700382773834/locations/us-central1/builds/99414edd-cda0-4b93-9758-35409a3e6fbc","dockerRegistry":"ARTIFACT_REGISTRY","automaticUpdatePolicy":{},"buildServiceAccount":"projects/indvproj/serviceAccounts/700382773834-compute@developer.gserviceaccount.com"},{"name":"projects/indvproj/locations/us-central1/functions/sendDeactivationEmail","httpsTrigger":{"url":"https://us-central1-indvproj.cloudfunctions.net/sendDeactivationEmail","securityLevel":"SECURE_ALWAYS"},"status":"ACTIVE","entryPoint":"sendDeactivationEmail","timeout":"60s","availableMemoryMb":256,"serviceAccountEmail":"indvproj@appspot.gserviceaccount.com","updateTime":"2024-10-24T14:26:45.545Z","versionId":"15","labels":{"deployment-tool":"cli-firebase","deployment-callable":"true","firebase-functions-hash":"719dde9c5431d2f64863781643e61ec7d8339a43"},"sourceUploadUrl":"https://storage.googleapis.com/uploads-497630077681.us-central1.cloudfunctions.appspot.com/82079fa2-86f5-456e-abee-d451973ce7c4.zip","environmentVariables":{"FIREBASE_CONFIG":"{\"projectId\":\"indvproj\",\"storageBucket\":\"indvproj.appspot.com\",\"locationId\":\"europe-west\"}","GCLOUD_PROJECT":"indvproj","EVENTARC_CLOUD_EVENT_SOURCE":"projects/indvproj/locations/us-central1/functions/sendDeactivationEmail"},"runtime":"nodejs18","ingressSettings":"ALLOW_ALL","buildId":"99414edd-cda0-4b93-9758-35409a3e6fbc","buildEnvironmentVariables":{"GOOGLE_NODE_RUN_SCRIPTS":""},"buildName":"projects/700382773834/locations/us-central1/builds/99414edd-cda0-4b93-9758-35409a3e6fbc","dockerRegistry":"ARTIFACT_REGISTRY","automaticUpdatePolicy":{},"buildServiceAccount":"projects/indvproj/serviceAccounts/700382773834-compute@developer.gserviceaccount.com"}]}
[debug] [2024-10-24T14:45:55.040Z] Checked if tokens are valid: true, expires at: 1729782784561
[debug] [2024-10-24T14:45:55.040Z] Checked if tokens are valid: true, expires at: 1729782784561
[debug] [2024-10-24T14:45:55.040Z] >>> [apiv2][query] GET https://cloudfunctions.googleapis.com/v2/projects/indvproj/locations/-/functions filter=environment%3D%22GEN_2%22
[debug] [2024-10-24T14:45:56.153Z] <<< [apiv2][status] GET https://cloudfunctions.googleapis.com/v2/projects/indvproj/locations/-/functions 200
[debug] [2024-10-24T14:45:56.153Z] <<< [apiv2][body] GET https://cloudfunctions.googleapis.com/v2/projects/indvproj/locations/-/functions {}
[info] i  functions: ensuring required API cloudscheduler.googleapis.com is enabled... 
[debug] [2024-10-24T14:45:56.158Z] Checked if tokens are valid: true, expires at: 1729782784561
[debug] [2024-10-24T14:45:56.158Z] Checked if tokens are valid: true, expires at: 1729782784561
[debug] [2024-10-24T14:45:56.158Z] >>> [apiv2][query] GET https://serviceusage.googleapis.com/v1/projects/indvproj/services/cloudscheduler.googleapis.com [none]
[debug] [2024-10-24T14:45:56.158Z] >>> [apiv2][(partial)header] GET https://serviceusage.googleapis.com/v1/projects/indvproj/services/cloudscheduler.googleapis.com x-goog-quota-user=projects/indvproj
[debug] [2024-10-24T14:45:56.672Z] <<< [apiv2][status] GET https://serviceusage.googleapis.com/v1/projects/indvproj/services/cloudscheduler.googleapis.com 200
[debug] [2024-10-24T14:45:56.673Z] <<< [apiv2][body] GET https://serviceusage.googleapis.com/v1/projects/indvproj/services/cloudscheduler.googleapis.com [omitted]
[info] ✔  functions: required API cloudscheduler.googleapis.com is enabled 
[debug] [2024-10-24T14:45:56.676Z] Checked if tokens are valid: true, expires at: 1729782784561
[debug] [2024-10-24T14:45:56.676Z] Checked if tokens are valid: true, expires at: 1729782784561
[debug] [2024-10-24T14:45:56.676Z] >>> [apiv2][query] GET https://firebase.googleapis.com/v1beta1/projects/indvproj [none]
[debug] [2024-10-24T14:45:57.023Z] <<< [apiv2][status] GET https://firebase.googleapis.com/v1beta1/projects/indvproj 200
[debug] [2024-10-24T14:45:57.023Z] <<< [apiv2][body] GET https://firebase.googleapis.com/v1beta1/projects/indvproj {"projectId":"indvproj","projectNumber":"700382773834","displayName":"indvproj","name":"projects/indvproj","resources":{"hostingSite":"indvproj","storageBucket":"indvproj.appspot.com","locationId":"europe-west"},"state":"ACTIVE","etag":"1_19a4ee3d-26cd-40b3-99be-895245592ebf"}
[debug] [2024-10-24T14:45:57.025Z] Checked if tokens are valid: true, expires at: 1729782784561
[debug] [2024-10-24T14:45:57.026Z] Checked if tokens are valid: true, expires at: 1729782784561
[debug] [2024-10-24T14:45:57.026Z] >>> [apiv2][query] GET https://cloudbilling.googleapis.com/v1/projects/indvproj/billingInfo [none]
[debug] [2024-10-24T14:45:57.979Z] <<< [apiv2][status] GET https://cloudbilling.googleapis.com/v1/projects/indvproj/billingInfo 200
[debug] [2024-10-24T14:45:57.980Z] <<< [apiv2][body] GET https://cloudbilling.googleapis.com/v1/projects/indvproj/billingInfo {"name":"projects/indvproj/billingInfo","projectId":"indvproj","billingAccountName":"billingAccounts/018770-EFB475-B0D0E4","billingEnabled":true}
[debug] [2024-10-24T14:45:57.981Z] [functions] found 2 new HTTP functions, testing setIamPolicy permission...
[debug] [2024-10-24T14:45:57.982Z] Checked if tokens are valid: true, expires at: 1729782784561
[debug] [2024-10-24T14:45:57.982Z] Checked if tokens are valid: true, expires at: 1729782784561
[debug] [2024-10-24T14:45:57.982Z] >>> [apiv2][query] POST https://cloudresourcemanager.googleapis.com/v1/projects/indvproj:testIamPermissions [none]
[debug] [2024-10-24T14:45:57.982Z] >>> [apiv2][(partial)header] POST https://cloudresourcemanager.googleapis.com/v1/projects/indvproj:testIamPermissions x-goog-quota-user=projects/indvproj
[debug] [2024-10-24T14:45:57.982Z] >>> [apiv2][body] POST https://cloudresourcemanager.googleapis.com/v1/projects/indvproj:testIamPermissions {"permissions":["cloudfunctions.functions.setIamPolicy"]}
[debug] [2024-10-24T14:45:58.161Z] <<< [apiv2][status] POST https://cloudresourcemanager.googleapis.com/v1/projects/indvproj:testIamPermissions 200
[debug] [2024-10-24T14:45:58.162Z] <<< [apiv2][body] POST https://cloudresourcemanager.googleapis.com/v1/projects/indvproj:testIamPermissions {"permissions":["cloudfunctions.functions.setIamPolicy"]}
[debug] [2024-10-24T14:45:58.162Z] [functions] found setIamPolicy permission, proceeding with deploy
[debug] [2024-10-24T14:45:58.163Z] Checked if tokens are valid: true, expires at: 1729782784561
[debug] [2024-10-24T14:45:58.163Z] Checked if tokens are valid: true, expires at: 1729782784561
[debug] [2024-10-24T14:45:58.164Z] >>> [apiv2][query] POST https://cloudfunctions.googleapis.com/v1/projects/indvproj/locations/us-central1/functions:generateUploadUrl [none]
[debug] [2024-10-24T14:45:58.164Z] >>> [apiv2][body] POST https://cloudfunctions.googleapis.com/v1/projects/indvproj/locations/us-central1/functions:generateUploadUrl {}
[debug] [2024-10-24T14:45:58.928Z] <<< [apiv2][status] POST https://cloudfunctions.googleapis.com/v1/projects/indvproj/locations/us-central1/functions:generateUploadUrl 200
[debug] [2024-10-24T14:45:58.929Z] <<< [apiv2][body] POST https://cloudfunctions.googleapis.com/v1/projects/indvproj/locations/us-central1/functions:generateUploadUrl {"uploadUrl":"https://storage.googleapis.com/uploads-497630077681.us-central1.cloudfunctions.appspot.com/03434c06-8d7f-45b2-96f8-3f0aff9e0b67.zip?GoogleAccessId=service-700382773834@gcf-admin-robot.iam.gserviceaccount.com&Expires=1729782958&Signature=Dx4PG%2FBVhXimFFVFwrsKdaO2qPWaRktIwAOeli3g0dGwaLUtdvVhqkcftFgOChdrQqZt6gQGGmiXtyVLxWAo4f2GfhEqEDkS9fAmIzBroYb5lwObQKfWvz%2BnvP24DP5v0KlKxTUDU3%2F9WQoPMfluEGreMXMu14zR5X8ms3NDA%2B0gotalDPG0uhGi5ZcjDj7eG%2FHhxzyKueiPBFGVvjWvZYkyDNAY8L3NULJ8Az6boetWXDN0qb6SSy7z3MdYK%2BPZD6IDco1L9by08Qy2grG5bDEfID3qBPbOICdHSKWG8i85xc%2FFLIBoum%2Fy%2FJny%2FsHmMx4duuDV%2F4BPOQZ2uhKktA%3D%3D"}
[debug] [2024-10-24T14:45:58.931Z] >>> [apiv2][query] PUT https://storage.googleapis.com/uploads-497630077681.us-central1.cloudfunctions.appspot.com/03434c06-8d7f-45b2-96f8-3f0aff9e0b67.zip GoogleAccessId=service-700382773834%40gcf-admin-robot.iam.gserviceaccount.com&Expires=1729782958&Signature=Dx4PG%2FBVhXimFFVFwrsKdaO2qPWaRktIwAOeli3g0dGwaLUtdvVhqkcftFgOChdrQqZt6gQGGmiXtyVLxWAo4f2GfhEqEDkS9fAmIzBroYb5lwObQKfWvz%2BnvP24DP5v0KlKxTUDU3%2F9WQoPMfluEGreMXMu14zR5X8ms3NDA%2B0gotalDPG0uhGi5ZcjDj7eG%2FHhxzyKueiPBFGVvjWvZYkyDNAY8L3NULJ8Az6boetWXDN0qb6SSy7z3MdYK%2BPZD6IDco1L9by08Qy2grG5bDEfID3qBPbOICdHSKWG8i85xc%2FFLIBoum%2Fy%2FJny%2FsHmMx4duuDV%2F4BPOQZ2uhKktA%3D%3D
[debug] [2024-10-24T14:45:58.931Z] >>> [apiv2][body] PUT https://storage.googleapis.com/uploads-497630077681.us-central1.cloudfunctions.appspot.com/03434c06-8d7f-45b2-96f8-3f0aff9e0b67.zip [stream]
[debug] [2024-10-24T14:45:59.742Z] <<< [apiv2][status] PUT https://storage.googleapis.com/uploads-497630077681.us-central1.cloudfunctions.appspot.com/03434c06-8d7f-45b2-96f8-3f0aff9e0b67.zip 200
[debug] [2024-10-24T14:45:59.743Z] <<< [apiv2][body] PUT https://storage.googleapis.com/uploads-497630077681.us-central1.cloudfunctions.appspot.com/03434c06-8d7f-45b2-96f8-3f0aff9e0b67.zip [omitted]
[info] ✔  functions: functions folder uploaded successfully 
[info] 
The following functions are found in your project but do not exist in your local source code:
	sendDeactivationEmail(us-central1)

If you are renaming a function or changing its region, it is recommended that you create the new function first before deleting the old one to prevent event loss. For more info, visit https://firebase.google.com/docs/functions/manage-functions#modify

